# JRE version: Java(TM) SE Runtime Environment (7.0_51-b13) (build 1.7.0_51-b13)
# Java VM: Java HotSpot(TM) 64-Bit Server VM (24.51-b03 mixed mode bsd-amd64 compressed oops)
Heap
 PSYoungGen      total 19456K, used 6899K [0x00000007eaa80000, 0x00000007ec000000, 0x0000000800000000)
  eden space 16896K, 25% used [0x00000007eaa80000,0x00000007eaec3b28,0x00000007ebb00000)
  from space 2560K, 98% used [0x00000007ebb00000,0x00000007ebd793a8,0x00000007ebd80000)
  to   space 2560K, 0% used [0x00000007ebd80000,0x00000007ebd80000,0x00000007ec000000)
 ParOldGen       total 43520K, used 7745K [0x00000007c0000000, 0x00000007c2a80000, 0x00000007eaa80000)
  object space 43520K, 17% used [0x00000007c0000000,0x00000007c07904d0,0x00000007c2a80000)
 PSPermGen       total 21504K, used 15842K [0x00000007bae00000, 0x00000007bc300000, 0x00000007c0000000)
  object space 21504K, 73% used [0x00000007bae00000,0x00000007bbd78af8,0x00000007bc300000)
GC Heap History (6 events):
Event: 0.812 GC heap before
{Heap before GC invocations=1 (full 0):
 PSYoungGen      total 19456K, used 16896K [0x00000007eaa80000, 0x00000007ec000000, 0x0000000800000000)
  eden space 16896K, 100% used [0x00000007eaa80000,0x00000007ebb00000,0x00000007ebb00000)
  from space 2560K, 0% used [0x00000007ebd80000,0x00000007ebd80000,0x00000007ec000000)
  to   space 2560K, 0% used [0x00000007ebb00000,0x00000007ebb00000,0x00000007ebd80000)
 ParOldGen       total 43520K, used 0K [0x00000007c0000000, 0x00000007c2a80000, 0x00000007eaa80000)
  object space 43520K, 0% used [0x00000007c0000000,0x00000007c0000000,0x00000007c2a80000)
 PSPermGen       total 21504K, used 8646K [0x00000007bae00000, 0x00000007bc300000, 0x00000007c0000000)
  object space 21504K, 40% used [0x00000007bae00000,0x00000007bb671b28,0x00000007bc300000)
Event: 0.817 GC heap after
Heap after GC invocations=1 (full 0):
 PSYoungGen      total 19456K, used 1594K [0x00000007eaa80000, 0x00000007ec000000, 0x0000000800000000)
  eden space 16896K, 0% used [0x00000007eaa80000,0x00000007eaa80000,0x00000007ebb00000)
  from space 2560K, 62% used [0x00000007ebb00000,0x00000007ebc8e810,0x00000007ebd80000)
  to   space 2560K, 0% used [0x00000007ebd80000,0x00000007ebd80000,0x00000007ec000000)
 ParOldGen       total 43520K, used 8K [0x00000007c0000000, 0x00000007c2a80000, 0x00000007eaa80000)
  object space 43520K, 0% used [0x00000007c0000000,0x00000007c0002000,0x00000007c2a80000)
 PSPermGen       total 21504K, used 8646K [0x00000007bae00000, 0x00000007bc300000, 0x00000007c0000000)
  object space 21504K, 40% used [0x00000007bae00000,0x00000007bb671b28,0x00000007bc300000)
}
Event: 1.695 GC heap before
{Heap before GC invocations=2 (full 0):
 PSYoungGen      total 19456K, used 18490K [0x00000007eaa80000, 0x00000007ec000000, 0x0000000800000000)
  eden space 16896K, 100% used [0x00000007eaa80000,0x00000007ebb00000,0x00000007ebb00000)
  from space 2560K, 62% used [0x00000007ebb00000,0x00000007ebc8e810,0x00000007ebd80000)
  to   space 2560K, 0% used [0x00000007ebd80000,0x00000007ebd80000,0x00000007ec000000)
 ParOldGen       total 43520K, used 8K [0x00000007c0000000, 0x00000007c2a80000, 0x00000007eaa80000)
  object space 43520K, 0% used [0x00000007c0000000,0x00000007c0002000,0x00000007c2a80000)
 PSPermGen       total 21504K, used 13257K [0x00000007bae00000, 0x00000007bc300000, 0x00000007c0000000)
  object space 21504K, 61% used [0x00000007bae00000,0x00000007bbaf27f8,0x00000007bc300000)
Event: 1.703 GC heap after
Heap after GC invocations=2 (full 0):
 PSYoungGen      total 19456K, used 2532K [0x00000007eaa80000, 0x00000007ec000000, 0x0000000800000000)
  eden space 16896K, 0% used [0x00000007eaa80000,0x00000007eaa80000,0x00000007ebb00000)
  from space 2560K, 98% used [0x00000007ebd80000,0x00000007ebff93b8,0x00000007ec000000)
  to   space 2560K, 0% used [0x00000007ebb00000,0x00000007ebb00000,0x00000007ebd80000)
 ParOldGen       total 43520K, used 3012K [0x00000007c0000000, 0x00000007c2a80000, 0x00000007eaa80000)
  object space 43520K, 6% used [0x00000007c0000000,0x00000007c02f1210,0x00000007c2a80000)
 PSPermGen       total 21504K, used 13257K [0x00000007bae00000, 0x00000007bc300000, 0x00000007c0000000)
  object space 21504K, 61% used [0x00000007bae00000,0x00000007bbaf27f8,0x00000007bc300000)
}
Event: 447.151 GC heap before
{Heap before GC invocations=3 (full 0):
 PSYoungGen      total 19456K, used 19428K [0x00000007eaa80000, 0x00000007ec000000, 0x0000000800000000)
  eden space 16896K, 100% used [0x00000007eaa80000,0x00000007ebb00000,0x00000007ebb00000)
  from space 2560K, 98% used [0x00000007ebd80000,0x00000007ebff93b8,0x00000007ec000000)
  to   space 2560K, 0% used [0x00000007ebb00000,0x00000007ebb00000,0x00000007ebd80000)
 ParOldGen       total 43520K, used 3012K [0x00000007c0000000, 0x00000007c2a80000, 0x00000007eaa80000)
  object space 43520K, 6% used [0x00000007c0000000,0x00000007c02f1210,0x00000007c2a80000)
 PSPermGen       total 21504K, used 15835K [0x00000007bae00000, 0x00000007bc300000, 0x00000007c0000000)
  object space 21504K, 73% used [0x00000007bae00000,0x00000007bbd76e80,0x00000007bc300000)
Event: 447.202 GC heap after
Heap after GC invocations=3 (full 0):
 PSYoungGen      total 19456K, used 2532K [0x00000007eaa80000, 0x00000007ec000000, 0x0000000800000000)
  eden space 16896K, 0% used [0x00000007eaa80000,0x00000007eaa80000,0x00000007ebb00000)
  from space 2560K, 98% used [0x00000007ebb00000,0x00000007ebd793a8,0x00000007ebd80000)
  to   space 2560K, 0% used [0x00000007ebd80000,0x00000007ebd80000,0x00000007ec000000)
 ParOldGen       total 43520K, used 7745K [0x00000007c0000000, 0x00000007c2a80000, 0x00000007eaa80000)
  object space 43520K, 17% used [0x00000007c0000000,0x00000007c07904d0,0x00000007c2a80000)
 PSPermGen       total 21504K, used 15835K [0x00000007bae00000, 0x00000007bc300000, 0x00000007c0000000)
  object space 21504K, 73% used [0x00000007bae00000,0x00000007bbd76e80,0x00000007bc300000)
}

